<?xml version="1.0" encoding="UTF-8"?>
<testng-results skipped="0" failed="0" ignored="0" total="1" passed="1">
  <reporter-output>
  </reporter-output>
  <suite name="Default suite" duration-ms="2693" started-at="2020-03-29T08:12:43Z" finished-at="2020-03-29T08:12:46Z">
    <groups>
    </groups>
    <test name="Default test" duration-ms="2693" started-at="2020-03-29T08:12:43Z" finished-at="2020-03-29T08:12:46Z">
      <class name="GradleSeleniumTestNG.DemoTest">
        <test-method status="PASS" signature="test()[pri:0, instance:GradleSeleniumTestNG.DemoTest@28ac3dc3]" name="test" duration-ms="2669" started-at="2020-03-29T08:12:43Z" finished-at="2020-03-29T08:12:46Z">
          <reporter-output>
          </reporter-output>
        </test-method> <!-- test -->
      </class> <!-- GradleSeleniumTestNG.DemoTest -->
    </test> <!-- Default test -->
  </suite> <!-- Default suite -->
</testng-results>
