<?xml version="1.0" encoding="UTF-8"?>
<testng-results skipped="0" failed="0" ignored="0" total="1" passed="1">
  <reporter-output>
  </reporter-output>
  <suite name="Suite" duration-ms="3400" started-at="2020-03-29T09:25:48Z" finished-at="2020-03-29T09:25:51Z">
    <groups>
    </groups>
    <test name="Test" duration-ms="3400" started-at="2020-03-29T09:25:48Z" finished-at="2020-03-29T09:25:51Z">
      <class name="GradleSeleniumTestNG.DemoTest">
        <test-method status="PASS" signature="test()[pri:0, instance:GradleSeleniumTestNG.DemoTest@9b4cd99]" name="test" duration-ms="3382" started-at="2020-03-29T09:25:48Z" finished-at="2020-03-29T09:25:51Z">
          <reporter-output>
          </reporter-output>
        </test-method> <!-- test -->
      </class> <!-- GradleSeleniumTestNG.DemoTest -->
    </test> <!-- Test -->
  </suite> <!-- Suite -->
</testng-results>
